  Using bundled DotNet SDK
  Log file: C:\Users\EMI\AppData\Local\UnrealBuildTool\Log.txt
  Using 'git status' to determine working set for adaptive non-unity build (C:\Users\EMI\Documents\GitHub\UE5_02).
  Creating makefile for UE5_02Editor (.uproject file is newer)
  Parsing headers for UE5_02Editor
    Running UnrealHeaderTool "C:\Users\EMI\Documents\GitHub\UE5_02\UE5_02\UE5_02.uproject" "C:\Users\EMI\Documents\GitHub\UE5_02\UE5_02\Intermediate\Build\Win64\UE5_02Editor\DebugGame\UE5_02Editor.uhtmanifest" -LogCmds="loginit warning, logexit warning, logdatabase error" -Unattended -WarningsAsErrors -abslog="C:\Users\EMI\AppData\Local\UnrealBuildTool\Log_UHT.txt" -installed
  Reflection code generated for UE5_02Editor in 3,2412081 seconds
  Building UE5_02Editor...
  Using Visual Studio 2022 14.33.31629 toolchain (C:\Program Files\Microsoft Visual Studio\2022\Community\VC\Tools\MSVC\14.33.31629) and Windows 10.0.19041.0 SDK (C:\Program Files (x86)\Windows Kits\10).
  [Adaptive Build] Excluded from UE5_02 unity file: RollaBallWidget.cpp
  Determining max actions to execute in parallel (4 physical cores, 4 logical cores)
    Executing up to 4 processes, one per physical core
  Building 6 actions with 4 processes...
  [1/6] Compile UE5_02.init.gen.cpp
  [2/6] Compile RollaBallWidget.gen.cpp
  [3/6] Compile RollaBallWidget.cpp
  [4/6] Link UnrealEditor-UE5_02-Win64-DebugGame.lib
     Trwa tworzenie biblioteki C:\Users\EMI\Documents\GitHub\UE5_02\UE5_02\Intermediate\Build\Win64\UnrealEditor\DebugGame\UE5_02\UnrealEditor-UE5_02-Win64-DebugGame.lib i obiektu C:\Users\EMI\Documents\GitHub\UE5_02\UE5_02\Intermediate\Build\Win64\UnrealEditor\DebugGame\UE5_02\UnrealEditor-UE5_02-Win64-DebugGame.exp
  [5/6] Link UnrealEditor-UE5_02-Win64-DebugGame.dll
     Trwa tworzenie biblioteki C:\Users\EMI\Documents\GitHub\UE5_02\UE5_02\Intermediate\Build\Win64\UnrealEditor\DebugGame\UE5_02\UnrealEditor-UE5_02-Win64-DebugGame.suppressed.lib i obiektu C:\Users\EMI\Documents\GitHub\UE5_02\UE5_02\Intermediate\Build\Win64\UnrealEditor\DebugGame\UE5_02\UnrealEditor-UE5_02-Win64-DebugGame.suppressed.exp
  [6/6] WriteMetadata UE5_02Editor-Win64-DebugGame.target
  Total time in Parallel executor: 14,78 seconds
  Total execution time: 20,57 seconds
